# JRE version: OpenJDK Runtime Environment Microsoft-8035246 (17.0.8+7) (build 17.0.8+7-LTS)
# Java VM: OpenJDK 64-Bit Server VM Microsoft-8035246 (17.0.8+7-LTS, mixed mode, sharing, tiered, compressed oops, compressed class ptrs, g1 gc, windows-amd64)
GC Precious Log:
 CPUs: 4 total, 4 available
 Memory: 7886M
 Large Page Support: Disabled
 NUMA Support: Disabled
 Compressed Oops: Enabled (32-bit)
 Heap Region Size: 1M
 Heap Min Capacity: 8M
 Heap Initial Capacity: 124M
 Heap Max Capacity: 2G
 Pre-touch: Disabled
 Parallel Workers: 4
 Concurrent Workers: 1
 Concurrent Refinement Workers: 4
 Periodic GC: Disabled
Heap:
 garbage-first heap   total 268288K, used 171451K [0x0000000080000000, 0x0000000100000000)
  region size 1024K, 16 young (16384K), 6 survivors (6144K)
 Metaspace       used 106019K, committed 107008K, reserved 557056K
  class space    used 14670K, committed 15104K, reserved 425984K
GC Heap History (20 events):
Event: 28.309 GC heap before
{Heap before GC invocations=32 (full 0):
 garbage-first heap   total 223232K, used 175724K [0x0000000080000000, 0x0000000100000000)
  region size 1024K, 86 young (88064K), 5 survivors (5120K)
 Metaspace       used 88041K, committed 88768K, reserved 557056K
  class space    used 12105K, committed 12416K, reserved 425984K
}
Event: 28.320 GC heap after
{Heap after GC invocations=33 (full 0):
 garbage-first heap   total 223232K, used 97139K [0x0000000080000000, 0x0000000100000000)
  region size 1024K, 10 young (10240K), 10 survivors (10240K)
 Metaspace       used 88041K, committed 88768K, reserved 557056K
  class space    used 12105K, committed 12416K, reserved 425984K
}
Event: 29.315 GC heap before
{Heap before GC invocations=33 (full 0):
 garbage-first heap   total 223232K, used 178035K [0x0000000080000000, 0x0000000100000000)
  region size 1024K, 89 young (91136K), 10 survivors (10240K)
 Metaspace       used 93326K, committed 94144K, reserved 557056K
  class space    used 13012K, committed 13376K, reserved 425984K
}
Event: 29.327 GC heap after
{Heap after GC invocations=34 (full 0):
 garbage-first heap   total 223232K, used 101080K [0x0000000080000000, 0x0000000100000000)
  region size 1024K, 10 young (10240K), 10 survivors (10240K)
 Metaspace       used 93326K, committed 94144K, reserved 557056K
  class space    used 13012K, committed 13376K, reserved 425984K
}
Event: 30.833 GC heap before
{Heap before GC invocations=34 (full 0):
 garbage-first heap   total 223232K, used 181976K [0x0000000080000000, 0x0000000100000000)
  region size 1024K, 86 young (88064K), 10 survivors (10240K)
 Metaspace       used 95723K, committed 96576K, reserved 557056K
  class space    used 13341K, committed 13696K, reserved 425984K
}
Event: 30.852 GC heap after
{Heap after GC invocations=35 (full 0):
 garbage-first heap   total 223232K, used 119086K [0x0000000080000000, 0x0000000100000000)
  region size 1024K, 11 young (11264K), 11 survivors (11264K)
 Metaspace       used 95723K, committed 96576K, reserved 557056K
  class space    used 13341K, committed 13696K, reserved 425984K
}
Event: 32.027 GC heap before
{Heap before GC invocations=35 (full 0):
 garbage-first heap   total 223232K, used 179502K [0x0000000080000000, 0x0000000100000000)
  region size 1024K, 67 young (68608K), 11 survivors (11264K)
 Metaspace       used 96306K, committed 97216K, reserved 557056K
  class space    used 13404K, committed 13760K, reserved 425984K
}
Event: 32.048 GC heap after
{Heap after GC invocations=36 (full 0):
 garbage-first heap   total 223232K, used 136626K [0x0000000080000000, 0x0000000100000000)
  region size 1024K, 9 young (9216K), 9 survivors (9216K)
 Metaspace       used 96306K, committed 97216K, reserved 557056K
  class space    used 13404K, committed 13760K, reserved 425984K
}
Event: 32.618 GC heap before
{Heap before GC invocations=36 (full 0):
 garbage-first heap   total 223232K, used 179634K [0x0000000080000000, 0x0000000100000000)
  region size 1024K, 51 young (52224K), 9 survivors (9216K)
 Metaspace       used 98908K, committed 99840K, reserved 557056K
  class space    used 13767K, committed 14208K, reserved 425984K
}
Event: 32.632 GC heap after
{Heap after GC invocations=37 (full 0):
 garbage-first heap   total 223232K, used 141068K [0x0000000080000000, 0x0000000100000000)
  region size 1024K, 4 young (4096K), 4 survivors (4096K)
 Metaspace       used 98908K, committed 99840K, reserved 557056K
  class space    used 13767K, committed 14208K, reserved 425984K
}
Event: 33.372 GC heap before
{Heap before GC invocations=37 (full 0):
 garbage-first heap   total 223232K, used 182028K [0x0000000080000000, 0x0000000100000000)
  region size 1024K, 44 young (45056K), 4 survivors (4096K)
 Metaspace       used 102276K, committed 103232K, reserved 557056K
  class space    used 14227K, committed 14656K, reserved 425984K
}
Event: 33.383 GC heap after
{Heap after GC invocations=38 (full 0):
 garbage-first heap   total 223232K, used 144726K [0x0000000080000000, 0x0000000100000000)
  region size 1024K, 6 young (6144K), 6 survivors (6144K)
 Metaspace       used 102276K, committed 103232K, reserved 557056K
  class space    used 14227K, committed 14656K, reserved 425984K
}
Event: 33.894 GC heap before
{Heap before GC invocations=38 (full 0):
 garbage-first heap   total 223232K, used 185686K [0x0000000080000000, 0x0000000100000000)
  region size 1024K, 46 young (47104K), 6 survivors (6144K)
 Metaspace       used 104163K, committed 105152K, reserved 557056K
  class space    used 14466K, committed 14912K, reserved 425984K
}
Event: 33.913 GC heap after
{Heap after GC invocations=39 (full 0):
 garbage-first heap   total 223232K, used 148266K [0x0000000080000000, 0x0000000100000000)
  region size 1024K, 4 young (4096K), 4 survivors (4096K)
 Metaspace       used 104163K, committed 105152K, reserved 557056K
  class space    used 14466K, committed 14912K, reserved 425984K
}
Event: 34.385 GC heap before
{Heap before GC invocations=39 (full 0):
 garbage-first heap   total 223232K, used 186154K [0x0000000080000000, 0x0000000100000000)
  region size 1024K, 41 young (41984K), 4 survivors (4096K)
 Metaspace       used 104613K, committed 105600K, reserved 557056K
  class space    used 14496K, committed 14912K, reserved 425984K
}
Event: 34.400 GC heap after
{Heap after GC invocations=40 (full 0):
 garbage-first heap   total 268288K, used 152913K [0x0000000080000000, 0x0000000100000000)
  region size 1024K, 5 young (5120K), 5 survivors (5120K)
 Metaspace       used 104613K, committed 105600K, reserved 557056K
  class space    used 14496K, committed 14912K, reserved 425984K
}
Event: 35.562 GC heap before
{Heap before GC invocations=40 (full 0):
 garbage-first heap   total 268288K, used 216401K [0x0000000080000000, 0x0000000100000000)
  region size 1024K, 68 young (69632K), 5 survivors (5120K)
 Metaspace       used 105760K, committed 106752K, reserved 557056K
  class space    used 14631K, committed 15040K, reserved 425984K
}
Event: 35.574 GC heap after
{Heap after GC invocations=41 (full 0):
 garbage-first heap   total 268288K, used 157218K [0x0000000080000000, 0x0000000100000000)
  region size 1024K, 9 young (9216K), 9 survivors (9216K)
 Metaspace       used 105760K, committed 106752K, reserved 557056K
  class space    used 14631K, committed 15040K, reserved 425984K
}
Event: 36.387 GC heap before
{Heap before GC invocations=41 (full 0):
 garbage-first heap   total 268288K, used 219682K [0x0000000080000000, 0x0000000100000000)
  region size 1024K, 71 young (72704K), 9 survivors (9216K)
 Metaspace       used 106019K, committed 107008K, reserved 557056K
  class space    used 14670K, committed 15104K, reserved 425984K
}
Event: 36.401 GC heap after
{Heap after GC invocations=42 (full 0):
 garbage-first heap   total 268288K, used 162235K [0x0000000080000000, 0x0000000100000000)
  region size 1024K, 6 young (6144K), 6 survivors (6144K)
 Metaspace       used 106019K, committed 107008K, reserved 557056K
  class space    used 14670K, committed 15104K, reserved 425984K
}

